<?xml version="1.0" encoding="UTF-8"?>
<!-- Generated by org.testng.reporters.JUnitReportReporter -->
<testsuite hostname="AdityaB-Lap" failures="0" tests="2" name="Base.Testcase" time="0.005" errors="0" timestamp="2024-08-22T16:57:51 IST" skipped="1">
  <testcase classname="Base.Testcase" name="st" time="0.005"/>
  <testcase classname="Base.Testcase" name="launch">
    <skipped/>
  </testcase> <!-- launch -->
</testsuite> <!-- Base.Testcase -->
