<?xml version="1.0" encoding="UTF-8"?>
<!-- Generated by org.testng.reporters.JUnitReportReporter -->
<testsuite hostname="AdityaB-Lap" failures="0" tests="2" name="Base.Testcase" time="26.940" errors="0" timestamp="2024-08-23T21:58:23 IST" skipped="0">
  <testcase classname="Base.Testcase" name="Filter" time="15.039"/>
  <system-out/>
  <testcase classname="Base.Testcase" name="Filter" time="11.901"/>
  <system-out/>
</testsuite> <!-- Base.Testcase -->
